   1              		.syntax unified
   2              		.cpu cortex-m4
   3              		.eabi_attribute 27, 3
   4              		.fpu fpv4-sp-d16
   5              		.eabi_attribute 20, 1
   6              		.eabi_attribute 21, 1
   7              		.eabi_attribute 23, 3
   8              		.eabi_attribute 24, 1
   9              		.eabi_attribute 25, 1
  10              		.eabi_attribute 26, 1
  11              		.eabi_attribute 30, 6
  12              		.eabi_attribute 34, 1
  13              		.eabi_attribute 18, 4
  14              		.thumb
  15              		.file	"main.cpp"
  16              		.text
  17              	.Ltext0:
  18              		.cfi_sections	.debug_frame
  19              		.bss
  20              		.align	2
  21              	_ZL5stack:
  22 0000 00000000 		.space	4
  23              		.global	led_iter
  24              		.align	2
  27              	led_iter:
  28 0004 00000000 		.space	4
  29              		.global	led_matrix
  30              		.data
  31              		.align	2
  34              	led_matrix:
  35 0000 00020000 		.word	512
  36 0004 00010000 		.word	256
  37 0008 00800000 		.word	32768
  38 000c 00200000 		.word	8192
  39 0010 00100000 		.word	4096
  40 0014 00080000 		.word	2048
  41 0018 00040000 		.word	1024
  42              		.global	current_process
  43              		.bss
  44              		.align	2
  47              	current_process:
  48 0008 00000000 		.space	4
  49              		.global	process_list
  50              		.align	2
  53              	process_list:
  54 000c 00000000 		.space	296
  54      00000000 
  54      00000000 
  54      00000000 
  54      00000000 
  55              		.global	pList
  56              		.align	2
  59              	pList:
  60 0134 00000000 		.space	148
  60      00000000 
  60      00000000 
  60      00000000 
  60      00000000 
  61              		.global	task1_iter
  62              		.align	2
  65              	task1_iter:
  66 01c8 00000000 		.space	4
  67              		.global	task2_iter
  68              		.align	2
  71              	task2_iter:
  72 01cc 00000000 		.space	4
  73              		.global	addrVal
  74              		.align	2
  77              	addrVal:
  78 01d0 00000000 		.space	4
  79              		.text
  80              		.align	2
  81              		.global	_Z5task1v
  82              		.thumb
  83              		.thumb_func
  85              	_Z5task1v:
  86              	.LFB111:
  87              		.file 1 "../src/main.cpp"
   1:../src/main.cpp **** #include "stm32f30x_adc.h"
   2:../src/main.cpp **** #include "stm32f30x_gpio.h"
   3:../src/main.cpp **** #include "stm32f30x_dma.h"
   4:../src/main.cpp **** 
   5:../src/main.cpp **** #include "stm32f3_discovery_l3gd20.h"
   6:../src/main.cpp **** 
   7:../src/main.cpp **** #include "encoder.h"
   8:../src/main.cpp **** #include "pwm.h"
   9:../src/main.cpp **** #include "debug.h"
  10:../src/main.cpp **** 
  11:../src/main.cpp **** #include <stdio.h>
  12:../src/main.cpp **** #include <stdint.h>
  13:../src/main.cpp **** #include <math.h>
  14:../src/main.cpp **** 
  15:../src/main.cpp **** /*
  16:../src/main.cpp ****     This program (program referring to all source and header files in this repository (repository
  17:../src/main.cpp ****     referring to https://github.com/Aghosh993/Trinity2013/tree) not containing code covered
  18:../src/main.cpp ****     under the terms of STMicroelectronic's Liberty v2 License) is free software: you can redistribu
  19:../src/main.cpp ****     it and/or modify it ("it" refers to all sections of this code as covered in the aforementioned 
  20:../src/main.cpp ****     under the terms of the GNU General Public License as published by the Free Software Foundation,
  21:../src/main.cpp ****     either version 3 of the License, or (at your option) any later version.
  22:../src/main.cpp **** 
  23:../src/main.cpp ****     This program is distributed in the hope that it will be useful,
  24:../src/main.cpp ****     but WITHOUT ANY WARRANTY; without even the implied warranty of
  25:../src/main.cpp ****     MERCHANTABILITY or FITNESS FOR A PARTICULAR PURPOSE.  See the
  26:../src/main.cpp ****     GNU General Public License for more details.
  27:../src/main.cpp **** 
  28:../src/main.cpp ****     You should have received a copy of the GNU General Public License
  29:../src/main.cpp ****     along with this program (please refer to the file COPYING in the root of
  30:../src/main.cpp ****     the repository).  If not, see <http://www.gnu.org/licenses/>.
  31:../src/main.cpp **** 
  32:../src/main.cpp ****     (c) Abhimanyu Ghosh, Polytechnic Institute of NYU (2013-2014)
  33:../src/main.cpp ****  */
  34:../src/main.cpp **** 
  35:../src/main.cpp **** /*
  36:../src/main.cpp ****  * All other code is covered by the following terms:
  37:../src/main.cpp ****  *
  38:../src/main.cpp ****  *   ******************************************************************************
  39:../src/main.cpp ****   * @attention
  40:../src/main.cpp ****   *
  41:../src/main.cpp ****   * <h2><center>&copy; COPYRIGHT 2012 STMicroelectronics</center></h2>
  42:../src/main.cpp ****   *
  43:../src/main.cpp ****   * Licensed under MCD-ST Liberty SW License Agreement V2, (the "License");
  44:../src/main.cpp ****   * You may not use this file except in compliance with the License.
  45:../src/main.cpp ****   * You may obtain a copy of the License at:
  46:../src/main.cpp ****   *
  47:../src/main.cpp ****   *        http://www.st.com/software_license_agreement_liberty_v2
  48:../src/main.cpp ****   *
  49:../src/main.cpp ****   * Unless required by applicable law or agreed to in writing, software
  50:../src/main.cpp ****   * distributed under the License is distributed on an "AS IS" BASIS,
  51:../src/main.cpp ****   * WITHOUT WARRANTIES OR CONDITIONS OF ANY KIND, either express or implied.
  52:../src/main.cpp ****   * See the License for the specific language governing permissions and
  53:../src/main.cpp ****   * limitations under the License.
  54:../src/main.cpp ****   *
  55:../src/main.cpp ****   ******************************************************************************
  56:../src/main.cpp ****  */
  57:../src/main.cpp **** 
  58:../src/main.cpp **** /*
  59:../src/main.cpp ****  *
  60:../src/main.cpp ****  * Purpose: CS6233 Final Project (Implementation of a simple round-robin scheduler and task switche
  61:../src/main.cpp ****  * 			using the STM32 SysTick interrupt)
  62:../src/main.cpp ****  *
  63:../src/main.cpp ****  */
  64:../src/main.cpp **** 
  65:../src/main.cpp **** volatile int led_iter;
  66:../src/main.cpp **** volatile int led_matrix[7] = {GPIO_Pin_9, GPIO_Pin_8, GPIO_Pin_15, GPIO_Pin_13,
  67:../src/main.cpp **** 										GPIO_Pin_12, GPIO_Pin_11, GPIO_Pin_10};
  68:../src/main.cpp **** 
  69:../src/main.cpp **** // Initialize all encoder data structures to zero:
  70:../src/main.cpp **** 
  71:../src/main.cpp **** int current_process;
  72:../src/main.cpp **** process_block process_list[MAX_NUM_PROCESSES];
  73:../src/main.cpp **** process_block pList;
  74:../src/main.cpp **** 
  75:../src/main.cpp **** int task1_iter, task2_iter;
  76:../src/main.cpp **** 
  77:../src/main.cpp **** uint32_t addrVal;
  78:../src/main.cpp **** 
  79:../src/main.cpp **** void task1(void)
  80:../src/main.cpp **** {
  88              		.loc 1 80 0
  89              		.cfi_startproc
  90              		@ args = 0, pretend = 0, frame = 0
  91              		@ frame_needed = 1, uses_anonymous_args = 0
  92              		@ link register save eliminated.
  93 0000 80B4     		push	{r7}
  94              	.LCFI0:
  95              		.cfi_def_cfa_offset 4
  96              		.cfi_offset 7, -4
  97 0002 00AF     		add	r7, sp, #0
  98              	.LCFI1:
  99              		.cfi_def_cfa_register 7
 100              	.L2:
  81:../src/main.cpp **** 	while(1)
  82:../src/main.cpp **** 	{
  83:../src/main.cpp **** 		++task1_iter;
 101              		.loc 1 83 0 discriminator 1
 102 0004 40F20003 		movw	r3, #:lower16:task1_iter
 103 0008 C0F20003 		movt	r3, #:upper16:task1_iter
 104 000c 1B68     		ldr	r3, [r3, #0]
 105 000e 03F10102 		add	r2, r3, #1
 106 0012 40F20003 		movw	r3, #:lower16:task1_iter
 107 0016 C0F20003 		movt	r3, #:upper16:task1_iter
 108 001a 1A60     		str	r2, [r3, #0]
  84:../src/main.cpp **** 		yield_time();
 109              		.loc 1 84 0 discriminator 1
 110              	@ 84 "../src/main.cpp" 1
 111 001c FFF7FEBF 		b SysTick_Handler
 112              		
 113              	@ 0 "" 2
  81:../src/main.cpp **** 	while(1)
 114              		.loc 1 81 0 discriminator 1
 115              		.thumb
 116 0020 F0E7     		b	.L2
 117              		.cfi_endproc
 118              	.LFE111:
 120 0022 00BF     		.align	2
 121              		.global	_Z5task2v
 122              		.thumb
 123              		.thumb_func
 125              	_Z5task2v:
 126              	.LFB112:
  85:../src/main.cpp **** 	}
  86:../src/main.cpp **** }
  87:../src/main.cpp **** 
  88:../src/main.cpp **** void task2(void)
  89:../src/main.cpp **** {
 127              		.loc 1 89 0
 128              		.cfi_startproc
 129              		@ args = 0, pretend = 0, frame = 0
 130              		@ frame_needed = 1, uses_anonymous_args = 0
 131              		@ link register save eliminated.
 132 0024 80B4     		push	{r7}
 133              	.LCFI2:
 134              		.cfi_def_cfa_offset 4
 135              		.cfi_offset 7, -4
 136 0026 00AF     		add	r7, sp, #0
 137              	.LCFI3:
 138              		.cfi_def_cfa_register 7
 139              	.L4:
  90:../src/main.cpp **** 	while(1)
  91:../src/main.cpp **** 	{
  92:../src/main.cpp **** 		++task2_iter;
 140              		.loc 1 92 0 discriminator 1
 141 0028 40F20003 		movw	r3, #:lower16:task2_iter
 142 002c C0F20003 		movt	r3, #:upper16:task2_iter
 143 0030 1B68     		ldr	r3, [r3, #0]
 144 0032 03F10102 		add	r2, r3, #1
 145 0036 40F20003 		movw	r3, #:lower16:task2_iter
 146 003a C0F20003 		movt	r3, #:upper16:task2_iter
 147 003e 1A60     		str	r2, [r3, #0]
  93:../src/main.cpp **** 		yield_time();
 148              		.loc 1 93 0 discriminator 1
 149              	@ 93 "../src/main.cpp" 1
 150 0040 FFF7FEBF 		b SysTick_Handler
 151              		
 152              	@ 0 "" 2
  90:../src/main.cpp **** 	while(1)
 153              		.loc 1 90 0 discriminator 1
 154              		.thumb
 155 0044 F0E7     		b	.L4
 156              		.cfi_endproc
 157              	.LFE112:
 159 0046 00BF     		.align	2
 160              		.global	main
 161              		.thumb
 162              		.thumb_func
 164              	main:
 165              	.LFB113:
  94:../src/main.cpp **** 	}
  95:../src/main.cpp **** }
  96:../src/main.cpp **** 
  97:../src/main.cpp **** int main(void)
  98:../src/main.cpp **** {
 166              		.loc 1 98 0
 167              		.cfi_startproc
 168              		@ args = 0, pretend = 0, frame = 0
 169              		@ frame_needed = 1, uses_anonymous_args = 0
 170 0048 80B5     		push	{r7, lr}
 171              	.LCFI4:
 172              		.cfi_def_cfa_offset 8
 173              		.cfi_offset 7, -8
 174              		.cfi_offset 14, -4
 175 004a 00AF     		add	r7, sp, #0
 176              	.LCFI5:
 177              		.cfi_def_cfa_register 7
  99:../src/main.cpp **** 	SystemInit(); // Set up clocks/PLL/et. al
 178              		.loc 1 99 0
 179 004c FFF7FEFF 		bl	SystemInit
 100:../src/main.cpp **** 
 101:../src/main.cpp **** 	UART1_init(); // Debug bridge
 180              		.loc 1 101 0
 181 0050 FFF7FEFF 		bl	_Z10UART1_initv
 102:../src/main.cpp **** 
 103:../src/main.cpp **** 	task1_iter = 0;
 182              		.loc 1 103 0
 183 0054 40F20003 		movw	r3, #:lower16:task1_iter
 184 0058 C0F20003 		movt	r3, #:upper16:task1_iter
 185 005c 4FF00002 		mov	r2, #0
 186 0060 1A60     		str	r2, [r3, #0]
 104:../src/main.cpp **** 	task2_iter = 0;
 187              		.loc 1 104 0
 188 0062 40F20003 		movw	r3, #:lower16:task2_iter
 189 0066 C0F20003 		movt	r3, #:upper16:task2_iter
 190 006a 4FF00002 		mov	r2, #0
 191 006e 1A60     		str	r2, [r3, #0]
 105:../src/main.cpp **** 
 106:../src/main.cpp **** 	process_list[0].taskPointer = task1;
 192              		.loc 1 106 0
 193 0070 40F20003 		movw	r3, #:lower16:process_list
 194 0074 C0F20003 		movt	r3, #:upper16:process_list
 195 0078 40F20002 		movw	r2, #:lower16:_Z5task1v
 196 007c C0F20002 		movt	r2, #:upper16:_Z5task1v
 197 0080 5A60     		str	r2, [r3, #4]
 107:../src/main.cpp **** 	process_list[1].taskPointer = task2;
 198              		.loc 1 107 0
 199 0082 40F20003 		movw	r3, #:lower16:process_list
 200 0086 C0F20003 		movt	r3, #:upper16:process_list
 201 008a 40F20002 		movw	r2, #:lower16:_Z5task2v
 202 008e C0F20002 		movt	r2, #:upper16:_Z5task2v
 203 0092 C3F89820 		str	r2, [r3, #152]
 108:../src/main.cpp **** 
 109:../src/main.cpp **** 	OS_init(&pList);
 204              		.loc 1 109 0
 205 0096 40F20000 		movw	r0, #:lower16:pList
 206 009a C0F20000 		movt	r0, #:upper16:pList
 207 009e FFF7FEFF 		bl	_Z7OS_initP13process_block
 208              	.L6:
 110:../src/main.cpp **** 
 111:../src/main.cpp **** 	while(true);
 209              		.loc 1 111 0 discriminator 1
 210 00a2 FEE7     		b	.L6
 211              		.cfi_endproc
 212              	.LFE113:
 214              	.Letext0:
 215              		.file 2 "/home/aghosh01/gcc-arm-none-eabi-4_7-2012q4/bin/../lib/gcc/arm-none-eabi/4.7.3/../../../.
 216              		.file 3 "/home/aghosh01/git/CS6233_FinalProject/STM32F3x/inc/os.h"
 217              		.file 4 "/home/aghosh01/git/CS6233_FinalProject/STM32F3x/inc/core_cm4.h"
DEFINED SYMBOLS
                            *ABS*:00000000 main.cpp
     /tmp/ccJWJlY7.s:20     .bss:00000000 $d
     /tmp/ccJWJlY7.s:21     .bss:00000000 _ZL5stack
     /tmp/ccJWJlY7.s:27     .bss:00000004 led_iter
     /tmp/ccJWJlY7.s:34     .data:00000000 led_matrix
     /tmp/ccJWJlY7.s:31     .data:00000000 $d
     /tmp/ccJWJlY7.s:47     .bss:00000008 current_process
     /tmp/ccJWJlY7.s:53     .bss:0000000c process_list
     /tmp/ccJWJlY7.s:59     .bss:00000134 pList
     /tmp/ccJWJlY7.s:65     .bss:000001c8 task1_iter
     /tmp/ccJWJlY7.s:71     .bss:000001cc task2_iter
     /tmp/ccJWJlY7.s:77     .bss:000001d0 addrVal
     /tmp/ccJWJlY7.s:80     .text:00000000 $t
     /tmp/ccJWJlY7.s:85     .text:00000000 _Z5task1v
     /tmp/ccJWJlY7.s:125    .text:00000024 _Z5task2v
     /tmp/ccJWJlY7.s:164    .text:00000048 main
                     .debug_frame:00000010 $d
                           .group:00000000 wm4.1.934603b1d669cb2b32fd4cb6dd11b673
                           .group:00000000 wm4.stm32f30x.h.56.6f19c65e98e3319a61449cb2b2455af5
                           .group:00000000 wm4.core_cm4.h.32.1434cd257ff5806b1b03cd32ab0641e9
                           .group:00000000 wm4.stdint.h.10.90b695f550ca6cc3fb08fa83baf01e05
                           .group:00000000 wm4.core_cmInstr.h.25.d8165482ef3061013a2fc83e2d85f3d9
                           .group:00000000 wm4.core_cm4_simd.h.29.013e5bcf58dba2d27c60184174208e07
                           .group:00000000 wm4.core_cm4.h.155.170ad2f92df387b9fa0dc3deabd34ef9
                           .group:00000000 wm4.stm32f30x.h.294.d8a54360eca16e4157694b52a095202d
                           .group:00000000 wm4.stm32f30x_can.h.50.8b8f5d301152c422a6e50622b33ef620
                           .group:00000000 wm4.stm32f30x_crc.h.54.66d4c5e565e18566aebd9abfd4bcd4b0
                           .group:00000000 wm4.stm32f30x_comp.h.91.06ae44150aaaa82c077b71df8db3541a
                           .group:00000000 wm4.stm32f30x_dac.h.49.b1b5b26e4ca241dbe67fa16dc86a615f
                           .group:00000000 wm4.stm32f30x_dbgmcu.h.53.b238a263ce6a2cc83f610cc35302a38b
                           .group:00000000 wm4.stm32f30x_dma.h.96.d7a2ddd10023e12781aa8ff5ac15d212
                           .group:00000000 wm4.stm32f30x_exti.h.60.8ca0809491a21dec6fc69cf7471e2bab
                           .group:00000000 wm4.stm32f30x_flash.h.70.32613455dfe7328932f786a224daac23
                           .group:00000000 wm4.stm32f30x_gpio.h.50.408e1f6250246e4cc28221970909d34c
                           .group:00000000 wm4.stm32f30x_syscfg.h.58.4cadeb4ec8e47d36b972bbb6b96b7161
                           .group:00000000 wm4.stm32f30x_i2c.h.86.3d51d4edc0e3b9ee9aae045ccbb7739a
                           .group:00000000 wm4.stm32f30x_iwdg.h.59.467d704fb073a015941f19b50fa6470a
                           .group:00000000 wm4.stm32f30x_opamp.h.75.704e2e5e2aab039de307aaa2dcc99fa5
                           .group:00000000 wm4.stm32f30x_pwr.h.59.5c85acff2a3e3c5085b2140c06025cfc
                           .group:00000000 wm4.stm32f30x_rcc.h.79.5ba7cac1e74879861a72556c25322aa4
                           .group:00000000 wm4.stm32f30x_rtc.h.133.d184e08ff40bda44db4bed94f9633384
                           .group:00000000 wm4.stm32f30x_spi.h.119.4d21ec94ec14f3553a127e61c0a9874f
                           .group:00000000 wm4.stm32f30x_tim.h.175.d4a93cff2e7924577147254e501271b6
                           .group:00000000 wm4.stm32f30x_usart.h.110.c89016273702821ff4f9fe43881f70b5
                           .group:00000000 wm4.stm32f30x_wwdg.h.58.4688eee61a2709866472b4b4c07d9275
                           .group:00000000 wm4.stm32f30x_misc.h.113.6a52e4fe7c3825a3ab05990f30dddf92
                           .group:00000000 wm4.stm32f30x_adc.h.130.cbebad91f78fb87381fe0860eea6104e
                           .group:00000000 wm4.stm32f3_discovery_l3gd20.h.98.ce6c56e3c59772d76fdcff14d2dcb612
                           .group:00000000 wm4.common_headers.h.9.a77b7af68303fe0609f9dd844a078e2a
                           .group:00000000 wm4.os.h.15.d9d7ebdab8b493dfd5254a413227d1d3
                           .group:00000000 wm4.newlib.h.8.a9901dc52d1357e3e94003403d43f8b5
                           .group:00000000 wm4.config.h.193.5fb8ef056cdff92dec3dee9552839d8c
                           .group:00000000 wm4._ansi.h.23.fa6206289f154965d075fc01e2867808
                           .group:00000000 wm4._default_types.h.6.1dbd2e581fd590860c7c17f21d147e91
                           .group:00000000 wm4.lock.h.2.9bc98482741e5e2a9450b12934a684ea
                           .group:00000000 wm4.stddef.h.349.31f4c5baff3fa2689010b32028da9c47
                           .group:00000000 wm4.reent.h.16.9e42f0e588b85e70b2bf6572af57ce64
                           .group:00000000 wm4.math.h.35.4ec5c5df469deeb27bddb969fc54c06a
                           .group:00000000 wm4.encoder.h.14.d5e5872c27905990847e2dff40a1b2fe
                           .group:00000000 wm4.debug.h.9.26e0be6d34f5aa99e328aa49a432ea37
                           .group:00000000 wm4.stdio.h.27.f2ac352bab34f31f9f478442827b2ba6
                           .group:00000000 wm4.stddef.h.187.9e651b6b8b16e149c1353259404973ea
                           .group:00000000 wm4.stdarg.h.34.3a23a216c0c293b3d2ea2e89281481e6
                           .group:00000000 wm4.types.h.23.0d949686bbcadd1621462d4fa1f884f9
                           .group:00000000 wm4.stddef.h.40.3369060ca33af9280edb7e432689c67d
                           .group:00000000 wm4.types.h.2.e9cec8c90ab35f77d9f499e06ae02400
                           .group:00000000 wm4.types.h.80.1f2c84c0d57dd52dd9936095d9ac218e
                           .group:00000000 wm4.stdio.h.2.4aa87247282eca6c8f36f9de33d8df1a
                           .group:00000000 wm4.stdio.h.63.dfdea6580b080784d08faace69b6ed76

UNDEFINED SYMBOLS
SysTick_Handler
SystemInit
_Z10UART1_initv
_Z7OS_initP13process_block
